<?xml version="1.0" encoding="UTF-8"?>
<testsuite name="algo.string.StringUtilTest" tests="3" skipped="0" failures="0" errors="0" timestamp="2024-12-27T07:46:06" hostname="FRLFK0635009663" time="0.044">
  <properties/>
  <testcase name="[1] abc, bca, true" classname="algo.string.StringUtilTest" time="0.038"/>
  <testcase name="[2] abbb, bbbac, false" classname="algo.string.StringUtilTest" time="0.0"/>
  <testcase name="[3] (-5@9), )-5@9(, true" classname="algo.string.StringUtilTest" time="0.0"/>
  <system-out><![CDATA[]]></system-out>
  <system-err><![CDATA[]]></system-err>
</testsuite>
