<?xml version="1.0" encoding="UTF-8"?>
<testsuite name="algo.string.StringUtilTest" tests="2" skipped="0" failures="0" errors="0" timestamp="2024-12-27T15:36:01" hostname="FRLFK0635009663" time="0.032">
  <properties/>
  <testcase name="[1] Tact Coa, true" classname="algo.string.StringUtilTest" time="0.029"/>
  <testcase name="[2] ()tthhyu, false" classname="algo.string.StringUtilTest" time="0.001"/>
  <system-out><![CDATA[]]></system-out>
  <system-err><![CDATA[]]></system-err>
</testsuite>
